<?xml version="1.0" encoding="utf-8"?><testsuites name="pytest tests"><testsuite name="pytest" errors="0" failures="0" skipped="0" tests="38" time="34.321" timestamp="2026-04-10T03:06:39.237348+00:00" hostname="410ba0bfbacf"><testcase classname="tests.test_kinematics.TestForwardKinematics" name="test_home_pose_is_se3" time="0.001" /><testcase classname="tests.test_kinematics.TestForwardKinematics" name="test_returns_7_link_frames" time="0.000" /><testcase classname="tests.test_kinematics.TestForwardKinematics" name="test_link_positions_shape" time="0.000" /><testcase classname="tests.test_kinematics.TestForwardKinematics" name="test_tcp_changes_with_q" time="0.000" /><testcase classname="tests.test_kinematics.TestForwardKinematics" name="test_valid_for_random_configs" time="0.002" /><testcase classname="tests.test_kinematics.TestJacobian" name="test_shape" time="0.000" /><testcase classname="tests.test_kinematics.TestJacobian" name="test_pseudoinverse_shape" time="0.000" /><testcase classname="tests.test_kinematics.TestJacobian" name="test_nullspace_projector_is_approximate_projection" time="0.001" /><testcase classname="tests.test_kinematics.TestJacobian" name="test_manipulability_positive" time="0.000" /><testcase classname="tests.test_kinematics.TestJacobian" name="test_numerical_jacobian" time="0.001" /><testcase classname="tests.test_kinematics.TestJacobian" name="test_nullspace_produces_zero_tcp_motion" time="0.000" /><testcase classname="tests.test_kinematics.TestIK" name="test_position_ik_converges_from_nearby" time="0.047" /><testcase classname="tests.test_kinematics.TestIK" name="test_full_ik_converges_from_nearby" time="0.025" /><testcase classname="tests.test_kinematics.TestIK" name="test_ik_respects_joint_limits" time="0.024" /><testcase classname="tests.test_kinematics.TestIK" name="test_ik_returns_ikresult" time="0.000" /><testcase classname="tests.test_planner.TestConstraints" name="test_joint_limits_accept_mid" time="0.000" /><testcase classname="tests.test_planner.TestConstraints" name="test_joint_limits_reject_out_of_range" time="0.000" /><testcase classname="tests.test_planner.TestConstraints" name="test_joint_margin_positive" time="0.000" /><testcase classname="tests.test_planner.TestConstraints" name="test_self_collision_midpoint_clear" time="0.000" /><testcase classname="tests.test_planner.TestConstraints" name="test_constraint_set_qmid_valid" time="0.000" /><testcase classname="tests.test_planner.TestConstraints" name="test_constraint_set_home_valid" time="0.000" /><testcase classname="tests.test_planner.TestConstraints" name="test_constraint_set_diagnostics" time="0.000" /><testcase classname="tests.test_planner.TestConstraints" name="test_torque_clamp" time="0.000" /><testcase classname="tests.test_planner.TestCBF" name="test_h_positive_far_from_obstacle" time="0.000" /><testcase classname="tests.test_planner.TestCBF" name="test_h_negative_at_obstacle_centre" time="0.000" /><testcase classname="tests.test_planner.TestCBF" name="test_filter_returns_safe_tau" time="0.001" /><testcase classname="tests.test_planner.TestCBF" name="test_cbf_result_has_fields" time="0.001" /><testcase classname="tests.test_planner.TestCBF" name="test_config_safe_far_from_obstacle" time="0.000" /><testcase classname="tests.test_planner.TestCBF" name="test_min_clearance_positive" time="0.000" /><testcase classname="tests.test_planner.TestPlanner" name="test_start_and_goal_are_valid" time="0.000" /><testcase classname="tests.test_planner.TestPlanner" name="test_plans_in_free_space" time="5.643" /><testcase classname="tests.test_planner.TestPlanner" name="test_path_has_at_least_two_waypoints" time="5.676" /><testcase classname="tests.test_planner.TestPlanner" name="test_all_waypoints_satisfy_joint_limits" time="11.267" /><testcase classname="tests.test_planner.TestPlanner" name="test_cost_is_positive_on_success" time="5.631" /><testcase classname="tests.test_planner.TestPlanner" name="test_avoids_obstacle_blocking_straight_line" time="5.595" /><testcase classname="tests.test_planner.TestTrajectory" name="test_smooth_path_output_shape" time="0.021" /><testcase classname="tests.test_planner.TestTrajectory" name="test_build_trajectory_is_nonempty" time="0.004" /><testcase classname="tests.test_planner.TestTrajectory" name="test_trajectory_respects_velocity_limits" time="0.005" /></testsuite></testsuites>